2024-11-19 10:49:07 0 [Note] Starting MariaDB 10.4.32-MariaDB source revision c4143f909528e3fab0677a28631d10389354c491 as process 5320
2024-11-19 10:49:07 0 [Note] InnoDB: Mutexes and rw_locks use Windows interlocked functions
2024-11-19 10:49:07 0 [Note] InnoDB: Uses event mutexes
2024-11-19 10:49:07 0 [Note] InnoDB: Compressed tables use zlib 1.3
2024-11-19 10:49:07 0 [Note] InnoDB: Number of pools: 1
2024-11-19 10:49:07 0 [Note] InnoDB: Using SSE2 crc32 instructions
2024-11-19 10:49:07 0 [Note] InnoDB: Initializing buffer pool, total size = 16M, instances = 1, chunk size = 16M
2024-11-19 10:49:07 0 [Note] InnoDB: Completed initialization of buffer pool
2024-11-19 10:49:07 0 [Note] InnoDB: Starting crash recovery from checkpoint LSN=300288
2024-11-19 10:49:07 0 [Note] InnoDB: 128 out of 128 rollback segments are active.
2024-11-19 10:49:07 0 [Note] InnoDB: Removed temporary tablespace data file: "ibtmp1"
2024-11-19 10:49:07 0 [Note] InnoDB: Creating shared tablespace for temporary tables
2024-11-19 10:49:07 0 [Note] InnoDB: Setting file 'C:\xampp\mysql\data\ibtmp1' size to 12 MB. Physically writing the file full; Please wait ...
2024-11-19 10:49:07 0 [Note] InnoDB: File 'C:\xampp\mysql\data\ibtmp1' size is now 12 MB.
2024-11-19 10:49:07 0 [Note] InnoDB: Waiting for purge to start
2024-11-19 10:49:07 0 [Note] InnoDB: 10.4.32 started; log sequence number 300297; transaction id 170
2024-11-19 10:49:07 0 [Note] Plugin 'FEEDBACK' is disabled.
2024-11-19 10:49:07 0 [Note] InnoDB: Loading buffer pool(s) from C:\xampp\mysql\data\ib_buffer_pool
2024-11-19 10:49:07 0 [Note] InnoDB: Buffer pool(s) load completed at 241119 10:49:07
2024-11-19 10:49:07 0 [Note] Server socket created on IP: '::'.
2024-11-19 11:40:05 0 [Note] Starting MariaDB 10.4.32-MariaDB source revision c4143f909528e3fab0677a28631d10389354c491 as process 16828
2024-11-19 11:40:05 0 [Note] InnoDB: Mutexes and rw_locks use Windows interlocked functions
2024-11-19 11:40:05 0 [Note] InnoDB: Uses event mutexes
2024-11-19 11:40:05 0 [Note] InnoDB: Compressed tables use zlib 1.3
2024-11-19 11:40:05 0 [Note] InnoDB: Number of pools: 1
2024-11-19 11:40:05 0 [Note] InnoDB: Using SSE2 crc32 instructions
2024-11-19 11:40:05 0 [Note] InnoDB: Initializing buffer pool, total size = 16M, instances = 1, chunk size = 16M
2024-11-19 11:40:05 0 [Note] InnoDB: Completed initialization of buffer pool
2024-11-19 11:40:05 0 [Note] InnoDB: Starting crash recovery from checkpoint LSN=378164
2024-11-19 11:40:05 0 [Note] InnoDB: Starting final batch to recover 23 pages from redo log.
2024-11-19 11:40:06 0 [Note] InnoDB: 128 out of 128 rollback segments are active.
2024-11-19 11:40:06 0 [Note] InnoDB: Removed temporary tablespace data file: "ibtmp1"
2024-11-19 11:40:06 0 [Note] InnoDB: Creating shared tablespace for temporary tables
2024-11-19 11:40:06 0 [Note] InnoDB: Setting file 'C:\xampp\mysql\data\ibtmp1' size to 12 MB. Physically writing the file full; Please wait ...
2024-11-19 11:40:06 0 [Note] InnoDB: File 'C:\xampp\mysql\data\ibtmp1' size is now 12 MB.
2024-11-19 11:40:06 0 [Note] InnoDB: Waiting for purge to start
2024-11-19 11:40:06 0 [Note] InnoDB: 10.4.32 started; log sequence number 381279; transaction id 345
2024-11-19 11:40:06 0 [Note] InnoDB: Loading buffer pool(s) from C:\xampp\mysql\data\ib_buffer_pool
2024-11-19 11:40:06 0 [Note] Plugin 'FEEDBACK' is disabled.
2024-11-19 11:40:06 0 [Note] InnoDB: Buffer pool(s) load completed at 241119 11:40:06
2024-11-19 11:40:06 0 [Note] Server socket created on IP: '::'.
2024-11-19 20:31:34 0 [Note] Starting MariaDB 10.4.32-MariaDB source revision c4143f909528e3fab0677a28631d10389354c491 as process 10412
2024-11-19 20:31:34 0 [Note] InnoDB: Mutexes and rw_locks use Windows interlocked functions
2024-11-19 20:31:34 0 [Note] InnoDB: Uses event mutexes
2024-11-19 20:31:34 0 [Note] InnoDB: Compressed tables use zlib 1.3
2024-11-19 20:31:34 0 [Note] InnoDB: Number of pools: 1
2024-11-19 20:31:34 0 [Note] InnoDB: Using SSE2 crc32 instructions
2024-11-19 20:31:34 0 [Note] InnoDB: Initializing buffer pool, total size = 16M, instances = 1, chunk size = 16M
2024-11-19 20:31:34 0 [Note] InnoDB: Completed initialization of buffer pool
2024-11-19 20:31:34 0 [Note] InnoDB: Starting crash recovery from checkpoint LSN=383030
2024-11-19 20:31:34 0 [Note] InnoDB: 128 out of 128 rollback segments are active.
2024-11-19 20:31:34 0 [Note] InnoDB: Removed temporary tablespace data file: "ibtmp1"
2024-11-19 20:31:34 0 [Note] InnoDB: Creating shared tablespace for temporary tables
2024-11-19 20:31:34 0 [Note] InnoDB: Setting file 'C:\xampp\mysql\data\ibtmp1' size to 12 MB. Physically writing the file full; Please wait ...
2024-11-19 20:31:34 0 [Note] InnoDB: File 'C:\xampp\mysql\data\ibtmp1' size is now 12 MB.
2024-11-19 20:31:34 0 [Note] InnoDB: Waiting for purge to start
2024-11-19 20:31:34 0 [Note] InnoDB: 10.4.32 started; log sequence number 383039; transaction id 372
2024-11-19 20:31:34 0 [Note] InnoDB: Loading buffer pool(s) from C:\xampp\mysql\data\ib_buffer_pool
2024-11-19 20:31:34 0 [Note] Plugin 'FEEDBACK' is disabled.
2024-11-19 20:31:34 0 [Note] Server socket created on IP: '::'.
2024-11-19 20:31:34 0 [Note] InnoDB: Buffer pool(s) load completed at 241119 20:31:34
2024-11-19 20:33:14 0 [Note] Starting MariaDB 10.4.32-MariaDB source revision c4143f909528e3fab0677a28631d10389354c491 as process 13540
2024-11-19 20:33:14 0 [Note] InnoDB: Mutexes and rw_locks use Windows interlocked functions
2024-11-19 20:33:14 0 [Note] InnoDB: Uses event mutexes
2024-11-19 20:33:14 0 [Note] InnoDB: Compressed tables use zlib 1.3
2024-11-19 20:33:14 0 [Note] InnoDB: Number of pools: 1
2024-11-19 20:33:14 0 [Note] InnoDB: Using SSE2 crc32 instructions
2024-11-19 20:33:14 0 [Note] InnoDB: Initializing buffer pool, total size = 16M, instances = 1, chunk size = 16M
2024-11-19 20:33:14 0 [Note] InnoDB: Completed initialization of buffer pool
2024-11-19 20:33:14 0 [Note] InnoDB: Starting crash recovery from checkpoint LSN=383048
2024-11-19 20:33:14 0 [Note] InnoDB: 128 out of 128 rollback segments are active.
2024-11-19 20:33:14 0 [Note] InnoDB: Removed temporary tablespace data file: "ibtmp1"
2024-11-19 20:33:14 0 [Note] InnoDB: Creating shared tablespace for temporary tables
2024-11-19 20:33:14 0 [Note] InnoDB: Setting file 'C:\xampp\mysql\data\ibtmp1' size to 12 MB. Physically writing the file full; Please wait ...
2024-11-19 20:33:14 0 [Note] InnoDB: File 'C:\xampp\mysql\data\ibtmp1' size is now 12 MB.
2024-11-19 20:33:14 0 [Note] InnoDB: Waiting for purge to start
2024-11-19 20:33:14 0 [Note] InnoDB: 10.4.32 started; log sequence number 383057; transaction id 372
2024-11-19 20:33:14 0 [Note] InnoDB: Loading buffer pool(s) from C:\xampp\mysql\data\ib_buffer_pool
2024-11-19 20:33:14 0 [Note] Plugin 'FEEDBACK' is disabled.
2024-11-19 20:33:14 0 [Note] Server socket created on IP: '::'.
2024-11-23 10:19:22 0 [Note] Starting MariaDB 10.4.32-MariaDB source revision c4143f909528e3fab0677a28631d10389354c491 as process 2976
2024-11-23 10:19:22 0 [Note] InnoDB: Mutexes and rw_locks use Windows interlocked functions
2024-11-23 10:19:22 0 [Note] InnoDB: Uses event mutexes
2024-11-23 10:19:22 0 [Note] InnoDB: Compressed tables use zlib 1.3
2024-11-23 10:19:22 0 [Note] InnoDB: Number of pools: 1
2024-11-23 10:19:22 0 [Note] InnoDB: Using SSE2 crc32 instructions
2024-11-23 10:19:22 0 [Note] InnoDB: Initializing buffer pool, total size = 16M, instances = 1, chunk size = 16M
2024-11-23 10:19:22 0 [Note] InnoDB: Completed initialization of buffer pool
2024-11-23 10:19:22 0 [Note] InnoDB: Starting crash recovery from checkpoint LSN=383367
2024-11-23 10:19:22 0 [Note] InnoDB: 128 out of 128 rollback segments are active.
2024-11-23 10:19:22 0 [Note] InnoDB: Removed temporary tablespace data file: "ibtmp1"
2024-11-23 10:19:22 0 [Note] InnoDB: Creating shared tablespace for temporary tables
2024-11-23 10:19:22 0 [Note] InnoDB: Setting file 'C:\xampp\mysql\data\ibtmp1' size to 12 MB. Physically writing the file full; Please wait ...
2024-11-23 10:19:22 0 [Note] InnoDB: File 'C:\xampp\mysql\data\ibtmp1' size is now 12 MB.
2024-11-23 10:19:22 0 [Note] InnoDB: Waiting for purge to start
2024-11-23 10:19:22 0 [Note] InnoDB: 10.4.32 started; log sequence number 383376; transaction id 395
2024-11-23 10:19:22 0 [Note] Plugin 'FEEDBACK' is disabled.
2024-11-23 10:19:22 0 [Note] InnoDB: Loading buffer pool(s) from C:\xampp\mysql\data\ib_buffer_pool
2024-11-23 10:19:22 0 [Note] InnoDB: Buffer pool(s) load completed at 241123 10:19:22
2024-11-23 10:19:22 0 [Note] Server socket created on IP: '::'.
2024-11-23 11:07:13 0 [Note] Starting MariaDB 10.4.32-MariaDB source revision c4143f909528e3fab0677a28631d10389354c491 as process 4580
2024-11-23 11:07:13 0 [Note] InnoDB: Mutexes and rw_locks use Windows interlocked functions
2024-11-23 11:07:13 0 [Note] InnoDB: Uses event mutexes
2024-11-23 11:07:13 0 [Note] InnoDB: Compressed tables use zlib 1.3
2024-11-23 11:07:13 0 [Note] InnoDB: Number of pools: 1
2024-11-23 11:07:13 0 [Note] InnoDB: Using SSE2 crc32 instructions
2024-11-23 11:07:13 0 [Note] InnoDB: Initializing buffer pool, total size = 16M, instances = 1, chunk size = 16M
2024-11-23 11:07:13 0 [Note] InnoDB: Completed initialization of buffer pool
2024-11-23 11:07:13 0 [Note] InnoDB: Starting crash recovery from checkpoint LSN=383385
2024-11-23 11:07:13 0 [Note] InnoDB: 128 out of 128 rollback segments are active.
2024-11-23 11:07:13 0 [Note] InnoDB: Removed temporary tablespace data file: "ibtmp1"
2024-11-23 11:07:13 0 [Note] InnoDB: Creating shared tablespace for temporary tables
2024-11-23 11:07:13 0 [Note] InnoDB: Setting file 'C:\xampp\mysql\data\ibtmp1' size to 12 MB. Physically writing the file full; Please wait ...
2024-11-23 11:07:13 0 [Note] InnoDB: File 'C:\xampp\mysql\data\ibtmp1' size is now 12 MB.
2024-11-23 11:07:13 0 [Note] InnoDB: Waiting for purge to start
2024-11-23 11:07:13 0 [Note] InnoDB: 10.4.32 started; log sequence number 383394; transaction id 395
2024-11-23 11:07:13 0 [Note] InnoDB: Loading buffer pool(s) from C:\xampp\mysql\data\ib_buffer_pool
2024-11-23 11:07:13 0 [Note] Plugin 'FEEDBACK' is disabled.
2024-11-23 11:07:13 0 [Note] Server socket created on IP: '::'.
2024-11-23 12:10:12 0 [Note] Starting MariaDB 10.4.32-MariaDB source revision c4143f909528e3fab0677a28631d10389354c491 as process 7184
2024-11-23 12:10:12 0 [Note] InnoDB: Mutexes and rw_locks use Windows interlocked functions
2024-11-23 12:10:12 0 [Note] InnoDB: Uses event mutexes
2024-11-23 12:10:12 0 [Note] InnoDB: Compressed tables use zlib 1.3
2024-11-23 12:10:12 0 [Note] InnoDB: Number of pools: 1
2024-11-23 12:10:12 0 [Note] InnoDB: Using SSE2 crc32 instructions
2024-11-23 12:10:12 0 [Note] InnoDB: Initializing buffer pool, total size = 16M, instances = 1, chunk size = 16M
2024-11-23 12:10:12 0 [Note] InnoDB: Completed initialization of buffer pool
2024-11-23 12:10:12 0 [Note] InnoDB: Starting crash recovery from checkpoint LSN=383403
2024-11-23 12:10:12 0 [Note] InnoDB: 128 out of 128 rollback segments are active.
2024-11-23 12:10:12 0 [Note] InnoDB: Removed temporary tablespace data file: "ibtmp1"
2024-11-23 12:10:12 0 [Note] InnoDB: Creating shared tablespace for temporary tables
2024-11-23 12:10:12 0 [Note] InnoDB: Setting file 'C:\xampp\mysql\data\ibtmp1' size to 12 MB. Physically writing the file full; Please wait ...
2024-11-23 12:10:12 0 [Note] InnoDB: File 'C:\xampp\mysql\data\ibtmp1' size is now 12 MB.
2024-11-23 12:10:12 0 [Note] InnoDB: Waiting for purge to start
2024-11-23 12:10:12 0 [Note] InnoDB: 10.4.32 started; log sequence number 383412; transaction id 395
2024-11-23 12:10:12 0 [Note] InnoDB: Loading buffer pool(s) from C:\xampp\mysql\data\ib_buffer_pool
2024-11-23 12:10:12 0 [Note] Plugin 'FEEDBACK' is disabled.
2024-11-23 12:10:12 0 [Note] InnoDB: Buffer pool(s) load completed at 241123 12:10:12
2024-11-23 12:10:12 0 [Note] Server socket created on IP: '::'.
2024-11-23 12:10:15 0 [Note] Starting MariaDB 10.4.32-MariaDB source revision c4143f909528e3fab0677a28631d10389354c491 as process 18252
2024-11-23 12:10:15 0 [Note] InnoDB: Mutexes and rw_locks use Windows interlocked functions
2024-11-23 12:10:15 0 [Note] InnoDB: Uses event mutexes
2024-11-23 12:10:15 0 [Note] InnoDB: Compressed tables use zlib 1.3
2024-11-23 12:10:15 0 [Note] InnoDB: Number of pools: 1
2024-11-23 12:10:15 0 [Note] InnoDB: Using SSE2 crc32 instructions
2024-11-23 12:10:15 0 [Note] InnoDB: Initializing buffer pool, total size = 16M, instances = 1, chunk size = 16M
2024-11-23 12:10:15 0 [Note] InnoDB: Completed initialization of buffer pool
2024-11-23 12:10:15 0 [Note] InnoDB: Starting crash recovery from checkpoint LSN=383403
2024-11-23 12:10:15 0 [Note] InnoDB: 128 out of 128 rollback segments are active.
2024-11-23 12:10:15 0 [Note] InnoDB: Removed temporary tablespace data file: "ibtmp1"
2024-11-23 12:10:15 0 [Note] InnoDB: Creating shared tablespace for temporary tables
2024-11-23 12:10:15 0 [Note] InnoDB: Setting file 'C:\xampp\mysql\data\ibtmp1' size to 12 MB. Physically writing the file full; Please wait ...
2024-11-23 12:10:15 0 [Note] InnoDB: File 'C:\xampp\mysql\data\ibtmp1' size is now 12 MB.
2024-11-23 12:10:15 0 [Note] InnoDB: Waiting for purge to start
2024-11-23 12:10:15 0 [Note] InnoDB: 10.4.32 started; log sequence number 383412; transaction id 395
2024-11-23 12:10:15 0 [Note] InnoDB: Loading buffer pool(s) from C:\xampp\mysql\data\ib_buffer_pool
2024-11-23 12:10:15 0 [Note] Plugin 'FEEDBACK' is disabled.
2024-11-23 12:10:15 0 [Note] Server socket created on IP: '::'.
2024-11-29 20:36:16 0 [Note] Starting MariaDB 10.4.32-MariaDB source revision c4143f909528e3fab0677a28631d10389354c491 as process 15816
2024-11-29 20:36:16 0 [Note] InnoDB: Mutexes and rw_locks use Windows interlocked functions
2024-11-29 20:36:16 0 [Note] InnoDB: Uses event mutexes
2024-11-29 20:36:16 0 [Note] InnoDB: Compressed tables use zlib 1.3
2024-11-29 20:36:16 0 [Note] InnoDB: Number of pools: 1
2024-11-29 20:36:16 0 [Note] InnoDB: Using SSE2 crc32 instructions
2024-11-29 20:36:16 0 [Note] InnoDB: Initializing buffer pool, total size = 16M, instances = 1, chunk size = 16M
2024-11-29 20:36:16 0 [Note] InnoDB: Completed initialization of buffer pool
2024-11-29 20:36:16 0 [Note] InnoDB: Starting crash recovery from checkpoint LSN=437883
2024-11-29 20:36:16 0 [Note] InnoDB: 128 out of 128 rollback segments are active.
2024-11-29 20:36:16 0 [Note] InnoDB: Removed temporary tablespace data file: "ibtmp1"
2024-11-29 20:36:16 0 [Note] InnoDB: Creating shared tablespace for temporary tables
2024-11-29 20:36:16 0 [Note] InnoDB: Setting file 'C:\xampp\mysql\data\ibtmp1' size to 12 MB. Physically writing the file full; Please wait ...
2024-11-29 20:36:16 0 [Note] InnoDB: File 'C:\xampp\mysql\data\ibtmp1' size is now 12 MB.
2024-11-29 20:36:16 0 [Note] InnoDB: Waiting for purge to start
2024-11-29 20:36:16 0 [Note] InnoDB: 10.4.32 started; log sequence number 437892; transaction id 556
2024-11-29 20:36:16 0 [Note] InnoDB: Loading buffer pool(s) from C:\xampp\mysql\data\ib_buffer_pool
2024-11-29 20:36:16 0 [Note] Plugin 'FEEDBACK' is disabled.
2024-11-29 20:36:16 0 [Note] InnoDB: Buffer pool(s) load completed at 241129 20:36:16
2024-11-29 20:36:16 0 [Note] Server socket created on IP: '::'.
2024-11-29 20:36:19 0 [Note] Starting MariaDB 10.4.32-MariaDB source revision c4143f909528e3fab0677a28631d10389354c491 as process 16004
2024-11-29 20:36:19 0 [Note] InnoDB: Mutexes and rw_locks use Windows interlocked functions
2024-11-29 20:36:19 0 [Note] InnoDB: Uses event mutexes
2024-11-29 20:36:19 0 [Note] InnoDB: Compressed tables use zlib 1.3
2024-11-29 20:36:19 0 [Note] InnoDB: Number of pools: 1
2024-11-29 20:36:19 0 [Note] InnoDB: Using SSE2 crc32 instructions
2024-11-29 20:36:19 0 [Note] InnoDB: Initializing buffer pool, total size = 16M, instances = 1, chunk size = 16M
2024-11-29 20:36:19 0 [Note] InnoDB: Completed initialization of buffer pool
2024-11-29 20:36:19 0 [Note] InnoDB: Starting crash recovery from checkpoint LSN=437883
2024-11-29 20:36:20 0 [Note] InnoDB: 128 out of 128 rollback segments are active.
2024-11-29 20:36:20 0 [Note] InnoDB: Removed temporary tablespace data file: "ibtmp1"
2024-11-29 20:36:20 0 [Note] InnoDB: Creating shared tablespace for temporary tables
2024-11-29 20:36:20 0 [Note] InnoDB: Setting file 'C:\xampp\mysql\data\ibtmp1' size to 12 MB. Physically writing the file full; Please wait ...
2024-11-29 20:36:20 0 [Note] InnoDB: File 'C:\xampp\mysql\data\ibtmp1' size is now 12 MB.
2024-11-29 20:36:20 0 [Note] InnoDB: Waiting for purge to start
2024-11-29 20:36:20 0 [Note] InnoDB: 10.4.32 started; log sequence number 437892; transaction id 556
2024-11-29 20:36:20 0 [Note] InnoDB: Loading buffer pool(s) from C:\xampp\mysql\data\ib_buffer_pool
2024-11-29 20:36:20 0 [Note] Plugin 'FEEDBACK' is disabled.
2024-11-29 20:36:20 0 [Note] Server socket created on IP: '::'.
2024-11-29 20:36:20 0 [Note] InnoDB: Buffer pool(s) load c2024-11-29 20:36:30 0 [Note] Starting MariaDB 10.4.32-MariaDB source revision c4143f909528e3fab0677a28631d10389354c491 as process 16320
2024-11-29 20:36:30 0 [Note] InnoDB: Mutexes and rw_locks use Windows interlocked functions
2024-11-29 20:36:30 0 [Note] InnoDB: Uses event mutexes
2024-11-29 20:36:30 0 [Note] InnoDB: Compressed tables use zlib 1.3
2024-11-29 20:36:30 0 [Note] InnoDB: Number of pools: 1
2024-11-29 20:36:30 0 [Note] InnoDB: Using SSE2 crc32 instructions
2024-11-29 20:36:30 0 [Note] InnoDB: Initializing buffer pool, total size = 16M, instances = 1, chunk size = 16M
2024-11-29 20:36:30 0 [Note] InnoDB: Completed initialization of buffer pool
2024-11-29 20:36:30 0 [Note] InnoDB: Starting crash recovery from checkpoint LSN=437883
2024-11-29 20:36:30 0 [Note] InnoDB: 128 out of 128 rollback segments are active.
2024-11-29 20:36:30 0 [Note] InnoDB: Removed temporary tablespace data file: "ibtmp1"
2024-11-29 20:36:30 0 [Note] InnoDB: Creating shared tablespace for temporary tables
2024-11-29 20:36:30 0 [Note] InnoDB: Setting file 'C:\xampp\mysql\data\ibtmp1' size to 12 MB. Physically writing the file full; Please wait ...
2024-11-29 20:36:30 0 [Note] InnoDB: File 'C:\xampp\mysql\data\ibtmp1' size is now 12 MB.
2024-11-29 20:36:30 0 [Note] InnoDB: Waiting for purge to start
2024-11-29 20:36:30 0 [Note] InnoDB: 10.4.32 started; log sequence number 437892; transaction id 556
2024-11-29 20:36:30 0 [Note] InnoDB: Loading buffer pool(s) from C:\xampp\mysql\data\ib_buffer_pool
2024-11-29 20:36:30 0 [Note] Plugin 'FEEDBACK' is disabled.
2024-11-29 20:36:30 0 [Note] Server socket created on IP: '::'.
2024-12-02 12:01:14 0 [Note] Starting MariaDB 10.4.32-MariaDB source revision c4143f909528e3fab0677a28631d10389354c491 as process 8956
2024-12-02 12:01:14 0 [Note] InnoDB: Mutexes and rw_locks use Windows interlocked functions
2024-12-02 12:01:14 0 [Note] InnoDB: Uses event mutexes
2024-12-02 12:01:14 0 [Note] InnoDB: Compressed tables use zlib 1.3
2024-12-02 12:01:14 0 [Note] InnoDB: Number of pools: 1
2024-12-02 12:01:14 0 [Note] InnoDB: Using SSE2 crc32 instructions
2024-12-02 12:01:14 0 [Note] InnoDB: Initializing buffer pool, total size = 16M, instances = 1, chunk size = 16M
2024-12-02 12:01:14 0 [Note] InnoDB: Completed initialization of buffer pool
2024-12-02 12:01:15 0 [Note] InnoDB: Starting crash recovery from checkpoint LSN=641670
2024-12-02 12:01:15 0 [Note] InnoDB: 128 out of 128 rollback segments are active.
2024-12-02 12:01:15 0 [Note] InnoDB: Removed temporary tablespace data file: "ibtmp1"
2024-12-02 12:01:15 0 [Note] InnoDB: Creating shared tablespace for temporary tables
2024-12-02 12:01:15 0 [Note] InnoDB: Setting file 'C:\xampp\mysql\data\ibtmp1' size to 12 MB. Physically writing the file full; Please wait ...
2024-12-02 12:01:15 0 [Note] InnoDB: File 'C:\xampp\mysql\data\ibtmp1' size is now 12 MB.
2024-12-02 12:01:15 0 [Note] InnoDB: Waiting for purge to start
2024-12-02 12:01:15 0 [Note] InnoDB: 10.4.32 started; log sequence number 641679; transaction id 869
2024-12-02 12:01:15 0 [Note] InnoDB: Loading buffer pool(s) from C:\xampp\mysql\data\ib_buffer_pool
2024-12-02 12:01:15 0 [Note] Plugin 'FEEDBACK' is disabled.
2024-12-02 12:01:15 0 [Note] InnoDB: Buffer pool(s) load completed at 241202 12:01:15
2024-12-02 12:01:15 0 [Note] Server socket created on IP: '::'.
2024-12-05 17:39:00 0 [Note] Starting MariaDB 10.4.32-MariaDB source revision c4143f909528e3fab0677a28631d10389354c491 as process 7796
2024-12-05 17:39:00 0 [Note] InnoDB: Mutexes and rw_locks use Windows interlocked functions
2024-12-05 17:39:00 0 [Note] InnoDB: Uses event mutexes
2024-12-05 17:39:00 0 [Note] InnoDB: Compressed tables use zlib 1.3
2024-12-05 17:39:00 0 [Note] InnoDB: Number of pools: 1
2024-12-05 17:39:00 0 [Note] InnoDB: Using SSE2 crc32 instructions
2024-12-05 17:39:00 0 [Note] InnoDB: Initializing buffer pool, total size = 16M, instances = 1, chunk size = 16M
2024-12-05 17:39:00 0 [Note] InnoDB: Completed initialization of buffer pool
2024-12-05 17:39:00 0 [Note] InnoDB: Starting crash recovery from checkpoint LSN=733061
2024-12-05 17:39:01 0 [Note] InnoDB: 128 out of 128 rollback segments are active.
2024-12-05 17:39:01 0 [Note] InnoDB: Removed temporary tablespace data file: "ibtmp1"
2024-12-05 17:39:01 0 [Note] InnoDB: Creating shared tablespace for temporary tables
2024-12-05 17:39:01 0 [Note] InnoDB: Setting file 'C:\xampp\mysql\data\ibtmp1' size to 12 MB. Physically writing the file full; Please wait ...
2024-12-05 17:39:01 0 [Note] InnoDB: File 'C:\xampp\mysql\data\ibtmp1' size is now 12 MB.
2024-12-05 17:39:01 0 [Note] InnoDB: Waiting for purge to start
2024-12-05 17:39:01 0 [Note] InnoDB: 10.4.32 started; log sequence number 733070; transaction id 998
2024-12-05 17:39:01 0 [Note] InnoDB: Loading buffer pool(s) from C:\xampp\mysql\data\ib_buffer_pool
2024-12-05 17:39:01 0 [Note] Plugin 'FEEDBACK' is disabled.
2024-12-05 17:39:01 0 [Note] InnoDB: Buffer pool(s) load completed at 241205 17:39:01
2024-12-05 17:39:01 0 [Note] Server socket created on IP: '::'.
2024-12-05 17:39:03 0 [Note] Starting MariaDB 10.4.32-MariaDB source revision c4143f909528e3fab0677a28631d10389354c491 as process 3436
2024-12-05 17:39:03 0 [Note] InnoDB: Mutexes and rw_locks use Windows interlocked functions
2024-12-05 17:39:03 0 [Note] InnoDB: Uses event mutexes
2024-12-05 17:39:03 0 [Note] InnoDB: Compressed tables use zlib 1.3
2024-12-05 17:39:03 0 [Note] InnoDB: Number of pools: 1
2024-12-05 17:39:03 0 [Note] InnoDB: Using SSE2 crc32 instructions
2024-12-05 17:39:03 0 [Note] InnoDB: Initializing buffer pool, total size = 16M, instances = 1, chunk size = 16M
2024-12-05 17:39:03 0 [Note] InnoDB: Completed initialization of buffer pool
2024-12-05 17:39:03 0 [Note] InnoDB: Starting crash recovery from checkpoint LSN=733061
2024-12-05 17:39:03 0 [Note] InnoDB: 128 out of 128 rollback segments are active.
2024-12-05 17:39:03 0 [Note] InnoDB: Removed temporary tablespace data file: "ibtmp1"
2024-12-05 17:39:03 0 [Note] InnoDB: Creating shared tablespace for temporary tables
2024-12-05 17:39:03 0 [Note] InnoDB: Setting file 'C:\xampp\mysql\data\ibtmp1' size to 12 MB. Physically writing the file full; Please wait ...
2024-12-05 17:39:03 0 [Note] InnoDB: File 'C:\xampp\mysql\data\ibtmp1' size is now 12 MB.
2024-12-05 17:39:03 0 [Note] InnoDB: Waiting for purge to start
2024-12-05 17:39:03 0 [Note] InnoDB: 10.4.32 started; log sequence number 733070; transaction id 998
2024-12-05 17:39:03 0 [Note] InnoDB: Loading buffer pool(s) from C:\xampp\mysql\data\ib_buffer_pool
2024-12-05 17:39:03 0 [Note] Plugin 'FEEDBACK' is disabled.
2024-12-05 17:39:03 0 [Note] Server socket created on IP: '::'.
2024-2024-12-13 21:52:51 0 [Note] Starting MariaDB 10.4.32-MariaDB source revision c4143f909528e3fab0677a28631d10389354c491 as process 15560
2024-12-13 21:52:51 0 [Note] InnoDB: Mutexes and rw_locks use Windows interlocked functions
2024-12-13 21:52:51 0 [Note] InnoDB: Uses event mutexes
2024-12-13 21:52:51 0 [Note] InnoDB: Compressed tables use zlib 1.3
2024-12-13 21:52:51 0 [Note] InnoDB: Number of pools: 1
2024-12-13 21:52:51 0 [Note] InnoDB: Using SSE2 crc32 instructions
2024-12-13 21:52:51 0 [Note] InnoDB: Initializing buffer pool, total size = 16M, instances = 1, chunk size = 16M
2024-12-13 21:52:51 0 [Note] InnoDB: Completed initialization of buffer pool
2024-12-13 21:52:51 0 [Note] InnoDB: Starting crash recovery from checkpoint LSN=733079
2024-12-13 21:52:52 0 [Note] InnoDB: 128 out of 128 rollback segments are active.
2024-12-13 21:52:52 0 [Note] InnoDB: Removed temporary tablespace data file: "ibtmp1"
2024-12-13 21:52:52 0 [Note] InnoDB: Creating shared tablespace for temporary tables
2024-12-13 21:52:52 0 [Note] InnoDB: Setting file 'C:\xampp\mysql\data\ibtmp1' size to 12 MB. Physically writing the file full; Please wait ...
2024-12-13 21:52:52 0 [Note] InnoDB: File 'C:\xampp\mysql\data\ibtmp1' size is now 12 MB.
2024-12-13 21:52:52 0 [Note] InnoDB: Waiting for purge to start
2024-12-13 21:52:52 0 [Note] InnoDB: 10.4.32 started; log sequence number 733088; transaction id 998
2024-12-13 21:52:52 0 [Note] InnoDB: Loading buffer pool(s) from C:\xampp\mysql\data\ib_buffer_pool
2024-12-13 21:52:52 0 [Note] Plugin 'FEEDBACK' is disabled.
2024-12-13 21:52:52 0 [Note] InnoDB: Buffer pool(s) load completed at 241213 21:52:52
2024-12-13 21:52:52 0 [Note] Server socket created on IP: '::'.
2024-12-17 20:30:39 0 [Note] Starting MariaDB 10.4.32-MariaDB source revision c4143f909528e3fab0677a28631d10389354c491 as process 18036
2024-12-17 20:30:39 0 [Note] InnoDB: Mutexes and rw_locks use Windows interlocked functions
2024-12-17 20:30:39 0 [Note] InnoDB: Uses event mutexes
2024-12-17 20:30:39 0 [Note] InnoDB: Compressed tables use zlib 1.3
2024-12-17 20:30:39 0 [Note] InnoDB: Number of pools: 1
2024-12-17 20:30:39 0 [Note] InnoDB: Using SSE2 crc32 instructions
2024-12-17 20:30:39 0 [Note] InnoDB: Initializing buffer pool, total size = 16M, instances = 1, chunk size = 16M
2024-12-17 20:30:39 0 [Note] InnoDB: Completed initialization of buffer pool
2024-12-17 20:30:39 0 [Note] InnoDB: Starting crash recovery from checkpoint LSN=744089
2024-12-17 20:30:40 0 [Note] InnoDB: 128 out of 128 rollback segments are active.
2024-12-17 20:30:40 0 [Note] InnoDB: Removed temporary tablespace data file: "ibtmp1"
2024-12-17 20:30:40 0 [Note] InnoDB: Creating shared tablespace for temporary tables
2024-12-17 20:30:40 0 [Note] InnoDB: Setting file 'C:\xampp\mysql\data\ibtmp1' size to 12 MB. Physically writing the file full; Please wait ...
2024-12-17 20:30:40 0 [Note] InnoDB: File 'C:\xampp\mysql\data\ibtmp1' size is now 12 MB.
2024-12-17 20:30:40 0 [Note] InnoDB: Waiting for purge to start
2024-12-17 20:30:40 0 [Note] InnoDB: 10.4.32 started; log sequence number 744098; transaction id 1030
2024-12-17 20:30:40 0 [Note] InnoDB: Loading buffer pool(s) from C:\xampp\mysql\data\ib_buffer_pool
2024-12-17 20:30:40 0 [Note] Plugin 'FEEDBACK' is disabled.
2024-12-17 20:30:40 0 [Note] InnoDB: Buffer pool(s) load completed at 241217 20:30:40
2024-12-17 20:30:40 0 [Note] Server socket created on IP: '::'.
2024-12-17 23:19:46 0 [Note] Starting MariaDB 10.4.32-MariaDB source revision c4143f909528e3fab0677a28631d10389354c491 as process 4740
2024-12-17 23:19:46 0 [Note] InnoDB: Mutexes and rw_locks use Windows interlocked functions
2024-12-17 23:19:46 0 [Note] InnoDB: Uses event mutexes
2024-12-17 23:19:46 0 [Note] InnoDB: Compressed tables use zlib 1.3
2024-12-17 23:19:46 0 [Note] InnoDB: Number of pools: 1
2024-12-17 23:19:46 0 [Note] InnoDB: Using SSE2 crc32 instructions
2024-12-17 23:19:46 0 [Note] InnoDB: Initializing buffer pool, total size = 16M, instances = 1, chunk size = 16M
2024-12-17 23:19:46 0 [Note] InnoDB: Completed initialization of buffer pool
2024-12-17 23:19:46 0 [Note] InnoDB: Starting crash recovery from checkpoint LSN=744107
2024-12-17 23:19:46 0 [Note] InnoDB: 128 out of 128 rollback segments are active.
2024-12-17 23:19:46 0 [Note] InnoDB: Removed temporary tablespace data file: "ibtmp1"
2024-12-17 23:19:46 0 [Note] InnoDB: Creating shared tablespace for temporary tables
2024-12-17 23:19:46 0 [Note] InnoDB: Setting file 'C:\xampp\mysql\data\ibtmp1' size to 12 MB. Physically writing the file full; Please wait ...
2024-12-17 23:19:46 0 [Note] InnoDB: File 'C:\xampp\mysql\data\ibtmp1' size is now 12 MB.
2024-12-17 23:19:46 0 [Note] InnoDB: Waiting for purge to start
2024-12-17 23:19:46 0 [Note] InnoDB: 10.4.32 started; log sequence number 744116; transaction id 1030
2024-12-17 23:19:46 0 [Note] InnoDB: Loading buffer pool(s) from C:\xampp\mysql\data\ib_buffer_pool
2024-12-17 23:19:46 0 [Note] Plugin 'FEEDBACK' is disabled.
2024-12-17 23:19:46 0 [Note] Server socket created on IP: '::'.
2024-12-18 15:35:20 0 [Note] Starting MariaDB 10.4.32-MariaDB source revision c4143f909528e3fab0677a28631d10389354c491 as process 17096
2024-12-18 15:35:20 0 [Note] InnoDB: Mutexes and rw_locks use Windows interlocked functions
2024-12-18 15:35:20 0 [Note] InnoDB: Uses event mutexes
2024-12-18 15:35:20 0 [Note] InnoDB: Compressed tables use zlib 1.3
2024-12-18 15:35:20 0 [Note] InnoDB: Number of pools: 1
2024-12-18 15:35:20 0 [Note] InnoDB: Using SSE2 crc32 instructions
2024-12-18 15:35:20 0 [Note] InnoDB: Initializing buffer pool, total size = 16M, instances = 1, chunk size = 16M
2024-12-18 15:35:20 0 [Note] InnoDB: Completed initialization of buffer pool
2024-12-18 15:35:20 0 [Note] InnoDB: Starting crash recovery from checkpoint LSN=744107
2024-12-18 15:35:21 0 [Note] InnoDB: 128 out of 128 rollback segments are active.
2024-12-18 15:35:21 0 [Note] InnoDB: Removed temporary tablespace data file: "ibtmp1"
2024-12-18 15:35:21 0 [Note] InnoDB: Creating shared tablespace for temporary tables
2024-12-18 15:35:21 0 [Note] InnoDB: Setting file 'C:\xampp\mysql\data\ibtmp1' size to 12 MB. Physically writing the file full; Please wait ...
2024-12-18 15:35:21 0 [Note] InnoDB: File 'C:\xampp\mysql\data\ibtmp1' size is now 12 MB.
2024-12-18 15:35:21 0 [Note] InnoDB: Waiting for purge to start
2024-12-18 15:35:21 0 [Note] InnoDB: 10.4.32 started; log sequence number 744116; transaction id 1030
2024-12-18 15:35:21 0 [Note] InnoDB: Loading buffer pool(s) from C:\xampp\mysql\data\ib_buffer_pool
2024-12-18 15:35:21 0 [Note] Plugin 'FEEDBACK' is disabled.
2024-12-18 15:35:21 0 [Note] InnoDB: Buffer pool(s) load completed at 241218 15:35:21
2024-12-18 15:35:21 0 [Note] Server socket created on IP: '::'.
2025-04-08  0:15:50 0 [Note] Starting MariaDB 10.4.32-MariaDB source revision c4143f909528e3fab0677a28631d10389354c491 as process 12604
2025-04-08  0:15:50 0 [Note] InnoDB: Mutexes and rw_locks use Windows interlocked functions
2025-04-08  0:15:50 0 [Note] InnoDB: Uses event mutexes
2025-04-08  0:15:50 0 [Note] InnoDB: Compressed tables use zlib 1.3
2025-04-08  0:15:50 0 [Note] InnoDB: Number of pools: 1
2025-04-08  0:15:50 0 [Note] InnoDB: Using SSE2 crc32 instructions
2025-04-08  0:15:50 0 [Note] InnoDB: Initializing buffer pool, total size = 16M, instances = 1, chunk size = 16M
2025-04-08  0:15:50 0 [Note] InnoDB: Completed initialization of buffer pool
2025-04-08  0:15:50 0 [Note] InnoDB: Starting crash recovery from checkpoint LSN=744125
2025-04-08  0:15:50 0 [Note] InnoDB: 128 out of 128 rollback segments are active.
2025-04-08  0:15:50 0 [Note] InnoDB: Removed temporary tablespace data file: "ibtmp1"
2025-04-08  0:15:50 0 [Note] InnoDB: Creating shared tablespace for temporary tables
2025-04-08  0:15:50 0 [Note] InnoDB: Setting file 'C:\xampp\mysql\data\ibtmp1' size to 12 MB. Physically writing the file full; Please wait ...
2025-04-08  0:15:50 0 [Note] InnoDB: File 'C:\xampp\mysql\data\ibtmp1' size is now 12 MB.
2025-04-08  0:15:50 0 [Note] InnoDB: Waiting for purge to start
2025-04-08  0:15:50 0 [Note] InnoDB: 10.4.32 started; log sequence number 744134; transaction id 1030
2025-04-08  0:15:50 0 [Note] InnoDB: Loading buffer pool(s) from C:\xampp\mysql\data\ib_buffer_pool
2025-04-08  0:15:50 0 [Note] Plugin 'FEEDBACK' is disabled.
2025-04-08  0:15:50 0 [Note] InnoDB: Buffer pool(s) load completed at 250408  0:15:50
2025-04-08  0:15:50 0 [Note] Server socket created on IP: '::'.
2025-04-08 17:50:11 0 [Note] Starting MariaDB 10.4.32-MariaDB source revision c4143f909528e3fab0677a28631d10389354c491 as process 8908
2025-04-08 17:50:11 0 [Note] InnoDB: Mutexes and rw_locks use Windows interlocked functions
2025-04-08 17:50:11 0 [Note] InnoDB: Uses event mutexes
2025-04-08 17:50:11 0 [Note] InnoDB: Compressed tables use zlib 1.3
2025-04-08 17:50:11 0 [Note] InnoDB: Number of pools: 1
2025-04-08 17:50:11 0 [Note] InnoDB: Using SSE2 crc32 instructions
2025-04-08 17:50:11 0 [Note] InnoDB: Initializing buffer pool, total size = 16M, instances = 1, chunk size = 16M
2025-04-08 17:50:11 0 [Note] InnoDB: Completed initialization of buffer pool
2025-04-08 17:50:11 0 [Note] InnoDB: Starting crash recovery from checkpoint LSN=760625
2025-04-08 17:50:11 0 [Note] InnoDB: 128 out of 128 rollback segments are active.
2025-04-08 17:50:11 0 [Note] InnoDB: Removed temporary tablespace data file: "ibtmp1"
2025-04-08 17:50:11 0 [Note] InnoDB: Creating shared tablespace for temporary tables
2025-04-08 17:50:11 0 [Note] InnoDB: Setting file 'C:\xampp\mysql\data\ibtmp1' size to 12 MB. Physically writing the file full; Please wait ...
2025-04-08 17:50:11 0 [Note] InnoDB: File 'C:\xampp\mysql\data\ibtmp1' size is now 12 MB.
2025-04-08 17:50:11 0 [Note] InnoDB: Waiting for purge to start
2025-04-08 17:50:11 0 [Note] InnoDB: 10.4.32 started; log sequence number 760634; transaction id 1070
2025-04-08 17:50:11 0 [Note] InnoDB: Loading buffer pool(s) from C:\xampp\mysql\data\ib_buffer_pool
2025-04-08 17:50:11 0 [Note] Plugin 'FEEDBACK' is disabled.
2025-04-08 17:50:11 0 [Note] InnoDB: Buffer pool(s) load completed at 250408 17:50:11
2025-04-08 17:50:11 0 [Note] Server socket created on IP: '::'.
